Flow report for smart_cart
Tue Jul 12 21:06:42 2022
Quartus Prime Version 19.1.0 Build 670 09/22/2019 SJ Lite Edition


---------------------
; Table of Contents ;
---------------------
  1. Legal Notice
  2. Flow Summary
  3. Flow Settings
  4. Flow Non-Default Global Settings
  5. Flow Elapsed Time
  6. Flow OS Summary
  7. Flow Log
  8. Flow Messages
  9. Flow Suppressed Messages



----------------
; Legal Notice ;
----------------
Copyright (C) 2019  Intel Corporation. All rights reserved.
Your use of Intel Corporation's design tools, logic functions 
and other software and tools, and any partner logic 
functions, and any output files from any of the foregoing 
(including device programming or simulation files), and any 
associated documentation or information are expressly subject 
to the terms and conditions of the Intel Program License 
Subscription Agreement, the Intel Quartus Prime License Agreement,
the Intel FPGA IP License Agreement, or other applicable license
agreement, including, without limitation, that your use is for
the sole purpose of programming logic devices manufactured by
Intel and sold by Intel or its authorized distributors.  Please
refer to the applicable agreement for further details, at
https://fpgasoftware.intel.com/eula.



+----------------------------------------------------------------------------------+
; Flow Summary                                                                     ;
+------------------------------------+---------------------------------------------+
; Flow Status                        ; Successful - Tue Jul 12 21:06:42 2022       ;
; Quartus Prime Version              ; 19.1.0 Build 670 09/22/2019 SJ Lite Edition ;
; Revision Name                      ; smart_cart                                  ;
; Top-level Entity Name              ; comparador_saldo                            ;
; Family                             ; Cyclone IV E                                ;
; Total logic elements               ; 54 / 6,272 ( < 1 % )                        ;
;     Total combinational functions  ; 54 / 6,272 ( < 1 % )                        ;
;     Dedicated logic registers      ; 0 / 6,272 ( 0 % )                           ;
; Total registers                    ; 0                                           ;
; Total pins                         ; 65 / 180 ( 36 % )                           ;
; Total virtual pins                 ; 0                                           ;
; Total memory bits                  ; 0 / 276,480 ( 0 % )                         ;
; Embedded Multiplier 9-bit elements ; 0 / 30 ( 0 % )                              ;
; Total PLLs                         ; 0 / 2 ( 0 % )                               ;
; Device                             ; EP4CE6F17C6                                 ;
; Timing Models                      ; Final                                       ;
+------------------------------------+---------------------------------------------+


+-----------------------------------------+
; Flow Settings                           ;
+-------------------+---------------------+
; Option            ; Setting             ;
+-------------------+---------------------+
; Start date & time ; 07/12/2022 21:06:19 ;
; Main task         ; Compilation         ;
; Revision Name     ; smart_cart          ;
+-------------------+---------------------+


+----------------------------------------------------------------------------------------------------------------------------------------+
; Flow Non-Default Global Settings                                                                                                       ;
+--------------------------------------+----------------------------------------+---------------+------------------+---------------------+
; Assignment Name                      ; Value                                  ; Default Value ; Entity Name      ; Section Id          ;
+--------------------------------------+----------------------------------------+---------------+------------------+---------------------+
; COMPILER_SIGNATURE_ID                ; 167381581466605.165767077904996        ; --            ; --               ; --                  ;
; EDA_DESIGN_INSTANCE_NAME             ; NA                                     ; --            ; --               ; tb_comparador_itens ;
; EDA_DESIGN_INSTANCE_NAME             ; NA                                     ; --            ; --               ; tb_somador          ;
; EDA_DESIGN_INSTANCE_NAME             ; NA                                     ; --            ; --               ; tb_subtrator        ;
; EDA_DESIGN_INSTANCE_NAME             ; NA                                     ; --            ; --               ; tb_comparador_saldo ;
; EDA_DESIGN_INSTANCE_NAME             ; NA                                     ; --            ; --               ; tb_total_itens_reg  ;
; EDA_DESIGN_INSTANCE_NAME             ; NA                                     ; --            ; --               ; tb_incrementador    ;
; EDA_DESIGN_INSTANCE_NAME             ; NA                                     ; --            ; --               ; tb_mux_4_1          ;
; EDA_NATIVELINK_SIMULATION_TEST_BENCH ; tb_comparador_saldo                    ; --            ; --               ; eda_simulation      ;
; EDA_OUTPUT_DATA_FORMAT               ; Vhdl                                   ; --            ; --               ; eda_simulation      ;
; EDA_SIMULATION_TOOL                  ; ModelSim-Altera (VHDL)                 ; <None>        ; --               ; --                  ;
; EDA_TEST_BENCH_ENABLE_STATUS         ; TEST_BENCH_MODE                        ; --            ; --               ; eda_simulation      ;
; EDA_TEST_BENCH_FILE                  ; tb_comparador_itens.vhd                ; --            ; --               ; tb_comparador_itens ;
; EDA_TEST_BENCH_FILE                  ; tb_somador.vhd                         ; --            ; --               ; tb_somador          ;
; EDA_TEST_BENCH_FILE                  ; tb_subtrator.vhd                       ; --            ; --               ; tb_subtrator        ;
; EDA_TEST_BENCH_FILE                  ; tb_comparador_saldo.vhd                ; --            ; --               ; tb_comparador_saldo ;
; EDA_TEST_BENCH_FILE                  ; tb_total_itens_reg.vhd                 ; --            ; --               ; tb_total_itens_reg  ;
; EDA_TEST_BENCH_FILE                  ; tb_incrementador.vhd                   ; --            ; --               ; tb_incrementador    ;
; EDA_TEST_BENCH_FILE                  ; tb_mux_4_1.vhd                         ; --            ; --               ; tb_mux_4_1          ;
; EDA_TEST_BENCH_MODULE_NAME           ; tb_comparador_itens                    ; --            ; --               ; tb_comparador_itens ;
; EDA_TEST_BENCH_MODULE_NAME           ; tb_somador                             ; --            ; --               ; tb_somador          ;
; EDA_TEST_BENCH_MODULE_NAME           ; tb_subtrator                           ; --            ; --               ; tb_subtrator        ;
; EDA_TEST_BENCH_MODULE_NAME           ; tb_comparador_saldo                    ; --            ; --               ; tb_comparador_saldo ;
; EDA_TEST_BENCH_MODULE_NAME           ; tb_total_itens_reg                     ; --            ; --               ; tb_total_itens_reg  ;
; EDA_TEST_BENCH_MODULE_NAME           ; tb_incrementador                       ; --            ; --               ; tb_incrementador    ;
; EDA_TEST_BENCH_MODULE_NAME           ; tb_mux_4_1                             ; --            ; --               ; tb_mux_4_1          ;
; EDA_TEST_BENCH_NAME                  ; tb_somador                             ; --            ; --               ; eda_simulation      ;
; EDA_TEST_BENCH_NAME                  ; tb_subtrator                           ; --            ; --               ; eda_simulation      ;
; EDA_TEST_BENCH_NAME                  ; tb_mux_4_1                             ; --            ; --               ; eda_simulation      ;
; EDA_TEST_BENCH_NAME                  ; tb_total_itens_reg                     ; --            ; --               ; eda_simulation      ;
; EDA_TEST_BENCH_NAME                  ; tb_incrementador                       ; --            ; --               ; eda_simulation      ;
; EDA_TEST_BENCH_NAME                  ; tb_comparador_itens                    ; --            ; --               ; eda_simulation      ;
; EDA_TEST_BENCH_NAME                  ; tb_comparador_saldo                    ; --            ; --               ; eda_simulation      ;
; EDA_TEST_BENCH_RUN_SIM_FOR           ; 200 ns                                 ; --            ; --               ; tb_comparador_itens ;
; EDA_TEST_BENCH_RUN_SIM_FOR           ; 200 ns                                 ; --            ; --               ; tb_somador          ;
; EDA_TEST_BENCH_RUN_SIM_FOR           ; 200 ns                                 ; --            ; --               ; tb_subtrator        ;
; EDA_TEST_BENCH_RUN_SIM_FOR           ; 200 ns                                 ; --            ; --               ; tb_comparador_saldo ;
; EDA_TEST_BENCH_RUN_SIM_FOR           ; 200 ns                                 ; --            ; --               ; tb_total_itens_reg  ;
; EDA_TEST_BENCH_RUN_SIM_FOR           ; 200 ns                                 ; --            ; --               ; tb_incrementador    ;
; EDA_TEST_BENCH_RUN_SIM_FOR           ; 200 ns                                 ; --            ; --               ; tb_mux_4_1          ;
; EDA_TIME_SCALE                       ; 1 ps                                   ; --            ; --               ; eda_simulation      ;
; PARTITION_COLOR                      ; -- (Not supported for targeted family) ; --            ; comparador_saldo ; Top                 ;
; PARTITION_FITTER_PRESERVATION_LEVEL  ; -- (Not supported for targeted family) ; --            ; comparador_saldo ; Top                 ;
; PARTITION_NETLIST_TYPE               ; -- (Not supported for targeted family) ; --            ; comparador_saldo ; Top                 ;
; PROJECT_OUTPUT_DIRECTORY             ; output_files                           ; --            ; --               ; --                  ;
; TOP_LEVEL_ENTITY                     ; comparador_saldo                       ; smart_cart    ; --               ; --                  ;
+--------------------------------------+----------------------------------------+---------------+------------------+---------------------+


+--------------------------------------------------------------------------------------------------------------------------+
; Flow Elapsed Time                                                                                                        ;
+----------------------+--------------+-------------------------+---------------------+------------------------------------+
; Module Name          ; Elapsed Time ; Average Processors Used ; Peak Virtual Memory ; Total CPU Time (on all processors) ;
+----------------------+--------------+-------------------------+---------------------+------------------------------------+
; Analysis & Synthesis ; 00:00:11     ; 1.0                     ; 4789 MB             ; 00:00:28                           ;
; Fitter               ; 00:00:04     ; 1.0                     ; 5489 MB             ; 00:00:05                           ;
; Assembler            ; 00:00:00     ; 1.0                     ; 4677 MB             ; 00:00:01                           ;
; Timing Analyzer      ; 00:00:02     ; 1.0                     ; 4770 MB             ; 00:00:02                           ;
; EDA Netlist Writer   ; 00:00:01     ; 1.0                     ; 4636 MB             ; 00:00:01                           ;
; Total                ; 00:00:18     ; --                      ; --                  ; 00:00:37                           ;
+----------------------+--------------+-------------------------+---------------------+------------------------------------+


+------------------------------------------------------------------------------------+
; Flow OS Summary                                                                    ;
+----------------------+------------------+------------+------------+----------------+
; Module Name          ; Machine Hostname ; OS Name    ; OS Version ; Processor type ;
+----------------------+------------------+------------+------------+----------------+
; Analysis & Synthesis ; LAPTOP-9AKBI6KV  ; Windows 10 ; 10.0       ; x86_64         ;
; Fitter               ; LAPTOP-9AKBI6KV  ; Windows 10 ; 10.0       ; x86_64         ;
; Assembler            ; LAPTOP-9AKBI6KV  ; Windows 10 ; 10.0       ; x86_64         ;
; Timing Analyzer      ; LAPTOP-9AKBI6KV  ; Windows 10 ; 10.0       ; x86_64         ;
; EDA Netlist Writer   ; LAPTOP-9AKBI6KV  ; Windows 10 ; 10.0       ; x86_64         ;
+----------------------+------------------+------------+------------+----------------+


------------
; Flow Log ;
------------
quartus_map --read_settings_files=on --write_settings_files=off smart_cart -c smart_cart
quartus_fit --read_settings_files=off --write_settings_files=off smart_cart -c smart_cart
quartus_asm --read_settings_files=off --write_settings_files=off smart_cart -c smart_cart
quartus_sta smart_cart -c smart_cart
quartus_eda --read_settings_files=off --write_settings_files=off smart_cart -c smart_cart



