Analysis & Synthesis report for smart_cart
Tue Jul 12 21:06:30 2022
Quartus Prime Version 19.1.0 Build 670 09/22/2019 SJ Lite Edition


---------------------
; Table of Contents ;
---------------------
  1. Legal Notice
  2. Analysis & Synthesis Summary
  3. Analysis & Synthesis Settings
  4. Parallel Compilation
  5. Analysis & Synthesis Source Files Read
  6. Analysis & Synthesis Resource Usage Summary
  7. Analysis & Synthesis Resource Utilization by Entity
  8. General Register Statistics
  9. Parameter Settings for User Entity Instance: Top-level Entity: |comparador_saldo
 10. Post-Synthesis Netlist Statistics for Top Partition
 11. Elapsed Time Per Partition
 12. Analysis & Synthesis Messages



----------------
; Legal Notice ;
----------------
Copyright (C) 2019  Intel Corporation. All rights reserved.
Your use of Intel Corporation's design tools, logic functions 
and other software and tools, and any partner logic 
functions, and any output files from any of the foregoing 
(including device programming or simulation files), and any 
associated documentation or information are expressly subject 
to the terms and conditions of the Intel Program License 
Subscription Agreement, the Intel Quartus Prime License Agreement,
the Intel FPGA IP License Agreement, or other applicable license
agreement, including, without limitation, that your use is for
the sole purpose of programming logic devices manufactured by
Intel and sold by Intel or its authorized distributors.  Please
refer to the applicable agreement for further details, at
https://fpgasoftware.intel.com/eula.



+----------------------------------------------------------------------------------+
; Analysis & Synthesis Summary                                                     ;
+------------------------------------+---------------------------------------------+
; Analysis & Synthesis Status        ; Successful - Tue Jul 12 21:06:30 2022       ;
; Quartus Prime Version              ; 19.1.0 Build 670 09/22/2019 SJ Lite Edition ;
; Revision Name                      ; smart_cart                                  ;
; Top-level Entity Name              ; comparador_saldo                            ;
; Family                             ; Cyclone IV E                                ;
; Total logic elements               ; 54                                          ;
;     Total combinational functions  ; 54                                          ;
;     Dedicated logic registers      ; 0                                           ;
; Total registers                    ; 0                                           ;
; Total pins                         ; 65                                          ;
; Total virtual pins                 ; 0                                           ;
; Total memory bits                  ; 0                                           ;
; Embedded Multiplier 9-bit elements ; 0                                           ;
; Total PLLs                         ; 0                                           ;
+------------------------------------+---------------------------------------------+


+------------------------------------------------------------------------------------------------------------+
; Analysis & Synthesis Settings                                                                              ;
+------------------------------------------------------------------+--------------------+--------------------+
; Option                                                           ; Setting            ; Default Value      ;
+------------------------------------------------------------------+--------------------+--------------------+
; Top-level entity name                                            ; comparador_saldo   ; smart_cart         ;
; Family name                                                      ; Cyclone IV E       ; Cyclone V          ;
; Use smart compilation                                            ; Off                ; Off                ;
; Enable parallel Assembler and Timing Analyzer during compilation ; On                 ; On                 ;
; Enable compact report table                                      ; Off                ; Off                ;
; Restructure Multiplexers                                         ; Auto               ; Auto               ;
; Create Debugging Nodes for IP Cores                              ; Off                ; Off                ;
; Preserve fewer node names                                        ; On                 ; On                 ;
; Intel FPGA IP Evaluation Mode                                    ; Enable             ; Enable             ;
; Verilog Version                                                  ; Verilog_2001       ; Verilog_2001       ;
; VHDL Version                                                     ; VHDL_1993          ; VHDL_1993          ;
; State Machine Processing                                         ; Auto               ; Auto               ;
; Safe State Machine                                               ; Off                ; Off                ;
; Extract Verilog State Machines                                   ; On                 ; On                 ;
; Extract VHDL State Machines                                      ; On                 ; On                 ;
; Ignore Verilog initial constructs                                ; Off                ; Off                ;
; Iteration limit for constant Verilog loops                       ; 5000               ; 5000               ;
; Iteration limit for non-constant Verilog loops                   ; 250                ; 250                ;
; Add Pass-Through Logic to Inferred RAMs                          ; On                 ; On                 ;
; Infer RAMs from Raw Logic                                        ; On                 ; On                 ;
; Parallel Synthesis                                               ; On                 ; On                 ;
; DSP Block Balancing                                              ; Auto               ; Auto               ;
; NOT Gate Push-Back                                               ; On                 ; On                 ;
; Power-Up Don't Care                                              ; On                 ; On                 ;
; Remove Redundant Logic Cells                                     ; Off                ; Off                ;
; Remove Duplicate Registers                                       ; On                 ; On                 ;
; Ignore CARRY Buffers                                             ; Off                ; Off                ;
; Ignore CASCADE Buffers                                           ; Off                ; Off                ;
; Ignore GLOBAL Buffers                                            ; Off                ; Off                ;
; Ignore ROW GLOBAL Buffers                                        ; Off                ; Off                ;
; Ignore LCELL Buffers                                             ; Off                ; Off                ;
; Ignore SOFT Buffers                                              ; On                 ; On                 ;
; Limit AHDL Integers to 32 Bits                                   ; Off                ; Off                ;
; Optimization Technique                                           ; Balanced           ; Balanced           ;
; Carry Chain Length                                               ; 70                 ; 70                 ;
; Auto Carry Chains                                                ; On                 ; On                 ;
; Auto Open-Drain Pins                                             ; On                 ; On                 ;
; Perform WYSIWYG Primitive Resynthesis                            ; Off                ; Off                ;
; Auto ROM Replacement                                             ; On                 ; On                 ;
; Auto RAM Replacement                                             ; On                 ; On                 ;
; Auto DSP Block Replacement                                       ; On                 ; On                 ;
; Auto Shift Register Replacement                                  ; Auto               ; Auto               ;
; Allow Shift Register Merging across Hierarchies                  ; Auto               ; Auto               ;
; Auto Clock Enable Replacement                                    ; On                 ; On                 ;
; Strict RAM Replacement                                           ; Off                ; Off                ;
; Allow Synchronous Control Signals                                ; On                 ; On                 ;
; Force Use of Synchronous Clear Signals                           ; Off                ; Off                ;
; Auto RAM Block Balancing                                         ; On                 ; On                 ;
; Auto RAM to Logic Cell Conversion                                ; Off                ; Off                ;
; Auto Resource Sharing                                            ; Off                ; Off                ;
; Allow Any RAM Size For Recognition                               ; Off                ; Off                ;
; Allow Any ROM Size For Recognition                               ; Off                ; Off                ;
; Allow Any Shift Register Size For Recognition                    ; Off                ; Off                ;
; Use LogicLock Constraints during Resource Balancing              ; On                 ; On                 ;
; Ignore translate_off and synthesis_off directives                ; Off                ; Off                ;
; Timing-Driven Synthesis                                          ; On                 ; On                 ;
; Report Parameter Settings                                        ; On                 ; On                 ;
; Report Source Assignments                                        ; On                 ; On                 ;
; Report Connectivity Checks                                       ; On                 ; On                 ;
; Ignore Maximum Fan-Out Assignments                               ; Off                ; Off                ;
; Synchronization Register Chain Length                            ; 2                  ; 2                  ;
; Power Optimization During Synthesis                              ; Normal compilation ; Normal compilation ;
; HDL message level                                                ; Level2             ; Level2             ;
; Suppress Register Optimization Related Messages                  ; Off                ; Off                ;
; Number of Removed Registers Reported in Synthesis Report         ; 5000               ; 5000               ;
; Number of Swept Nodes Reported in Synthesis Report               ; 5000               ; 5000               ;
; Number of Inverted Registers Reported in Synthesis Report        ; 100                ; 100                ;
; Clock MUX Protection                                             ; On                 ; On                 ;
; Auto Gated Clock Conversion                                      ; Off                ; Off                ;
; Block Design Naming                                              ; Auto               ; Auto               ;
; SDC constraint protection                                        ; Off                ; Off                ;
; Synthesis Effort                                                 ; Auto               ; Auto               ;
; Shift Register Replacement - Allow Asynchronous Clear Signal     ; On                 ; On                 ;
; Pre-Mapping Resynthesis Optimization                             ; Off                ; Off                ;
; Analysis & Synthesis Message Level                               ; Medium             ; Medium             ;
; Disable Register Merging Across Hierarchies                      ; Auto               ; Auto               ;
; Resource Aware Inference For Block RAM                           ; On                 ; On                 ;
+------------------------------------------------------------------+--------------------+--------------------+


+------------------------------------------+
; Parallel Compilation                     ;
+----------------------------+-------------+
; Processors                 ; Number      ;
+----------------------------+-------------+
; Number detected on machine ; 8           ;
; Maximum allowed            ; 4           ;
;                            ;             ;
; Average used               ; 1.00        ;
; Maximum used               ; 1           ;
;                            ;             ;
; Usage by Processor         ; % Time Used ;
;     Processor 1            ; 100.0%      ;
+----------------------------+-------------+


+--------------------------------------------------------------------------------------------------------------------------------------+
; Analysis & Synthesis Source Files Read                                                                                               ;
+----------------------------------+-----------------+-----------------+-----------------------------------------------------+---------+
; File Name with User-Entered Path ; Used in Netlist ; File Type       ; File Name with Absolute Path                        ; Library ;
+----------------------------------+-----------------+-----------------+-----------------------------------------------------+---------+
; comparador_saldo.vhd             ; yes             ; User VHDL File  ; D:/Quartus Prime/aulas/projeto/comparador_saldo.vhd ;         ;
+----------------------------------+-----------------+-----------------+-----------------------------------------------------+---------+


+---------------------------------------------------------------------+
; Analysis & Synthesis Resource Usage Summary                         ;
+---------------------------------------------+-----------------------+
; Resource                                    ; Usage                 ;
+---------------------------------------------+-----------------------+
; Estimated Total logic elements              ; 54                    ;
;                                             ;                       ;
; Total combinational functions               ; 54                    ;
; Logic element usage by number of LUT inputs ;                       ;
;     -- 4 input functions                    ; 21                    ;
;     -- 3 input functions                    ; 31                    ;
;     -- <=2 input functions                  ; 2                     ;
;                                             ;                       ;
; Logic elements by mode                      ;                       ;
;     -- normal mode                          ; 23                    ;
;     -- arithmetic mode                      ; 31                    ;
;                                             ;                       ;
; Total registers                             ; 0                     ;
;     -- Dedicated logic registers            ; 0                     ;
;     -- I/O registers                        ; 0                     ;
;                                             ;                       ;
; I/O pins                                    ; 65                    ;
;                                             ;                       ;
; Embedded Multiplier 9-bit elements          ; 0                     ;
;                                             ;                       ;
; Maximum fan-out node                        ; valor_total[31]~input ;
; Maximum fan-out                             ; 2                     ;
; Total fan-out                               ; 247                   ;
; Average fan-out                             ; 1.34                  ;
+---------------------------------------------+-----------------------+


+---------------------------------------------------------------------------------------------------------------------------------------------------------------------------------------------------------------+
; Analysis & Synthesis Resource Utilization by Entity                                                                                                                                                           ;
+----------------------------+---------------------+---------------------------+-------------+--------------+---------+-----------+------+--------------+---------------------+------------------+--------------+
; Compilation Hierarchy Node ; Combinational ALUTs ; Dedicated Logic Registers ; Memory Bits ; DSP Elements ; DSP 9x9 ; DSP 18x18 ; Pins ; Virtual Pins ; Full Hierarchy Name ; Entity Name      ; Library Name ;
+----------------------------+---------------------+---------------------------+-------------+--------------+---------+-----------+------+--------------+---------------------+------------------+--------------+
; |comparador_saldo          ; 54 (54)             ; 0 (0)                     ; 0           ; 0            ; 0       ; 0         ; 65   ; 0            ; |comparador_saldo   ; comparador_saldo ; work         ;
+----------------------------+---------------------+---------------------------+-------------+--------------+---------+-----------+------+--------------+---------------------+------------------+--------------+
Note: For table entries with two numbers listed, the numbers in parentheses indicate the number of resources of the given type used by the specific entity alone. The numbers listed outside of parentheses indicate the total resources of the given type used by the specific entity and all of its sub-entities in the hierarchy.


+------------------------------------------------------+
; General Register Statistics                          ;
+----------------------------------------------+-------+
; Statistic                                    ; Value ;
+----------------------------------------------+-------+
; Total registers                              ; 0     ;
; Number of registers using Synchronous Clear  ; 0     ;
; Number of registers using Synchronous Load   ; 0     ;
; Number of registers using Asynchronous Clear ; 0     ;
; Number of registers using Asynchronous Load  ; 0     ;
; Number of registers using Clock Enable       ; 0     ;
; Number of registers using Preset             ; 0     ;
+----------------------------------------------+-------+


+----------------------------------------------------------------------------------+
; Parameter Settings for User Entity Instance: Top-level Entity: |comparador_saldo ;
+----------------+-------+---------------------------------------------------------+
; Parameter Name ; Value ; Type                                                    ;
+----------------+-------+---------------------------------------------------------+
; W              ; 32    ; Signed Integer                                          ;
+----------------+-------+---------------------------------------------------------+
Note: In order to hide this table in the UI and the text report file, please set the "Show Parameter Settings in Synthesis Report" option in "Analysis and Synthesis Settings -> More Settings" to "Off".


+-----------------------------------------------------+
; Post-Synthesis Netlist Statistics for Top Partition ;
+-----------------------+-----------------------------+
; Type                  ; Count                       ;
+-----------------------+-----------------------------+
; boundary_port         ; 65                          ;
; cycloneiii_lcell_comb ; 54                          ;
;     arith             ; 31                          ;
;         3 data inputs ; 31                          ;
;     normal            ; 23                          ;
;         2 data inputs ; 2                           ;
;         4 data inputs ; 21                          ;
;                       ;                             ;
; Max LUT depth         ; 5.10                        ;
; Average LUT depth     ; 4.06                        ;
+-----------------------+-----------------------------+


+-------------------------------+
; Elapsed Time Per Partition    ;
+----------------+--------------+
; Partition Name ; Elapsed Time ;
+----------------+--------------+
; Top            ; 00:00:00     ;
+----------------+--------------+


+-------------------------------+
; Analysis & Synthesis Messages ;
+-------------------------------+
Info: *******************************************************************
Info: Running Quartus Prime Analysis & Synthesis
    Info: Version 19.1.0 Build 670 09/22/2019 SJ Lite Edition
    Info: Processing started: Tue Jul 12 21:06:19 2022
Info: Command: quartus_map --read_settings_files=on --write_settings_files=off smart_cart -c smart_cart
Warning (18236): Number of processors has not been specified which may cause overloading on shared machines.  Set the global assignment NUM_PARALLEL_PROCESSORS in your QSF to an appropriate value for best performance.
Info (20030): Parallel compilation is enabled and will use 4 of the 4 processors detected
Info (12021): Found 2 design units, including 1 entities, in source file somador.vhd
    Info (12022): Found design unit 1: somador-somador File: D:/Quartus Prime/aulas/projeto/somador.vhd Line: 12
    Info (12023): Found entity 1: somador File: D:/Quartus Prime/aulas/projeto/somador.vhd Line: 5
Info (12021): Found 2 design units, including 1 entities, in source file tb_somador.vhd
    Info (12022): Found design unit 1: tb_somador-teste File: D:/Quartus Prime/aulas/projeto/tb_somador.vhd Line: 9
    Info (12023): Found entity 1: tb_somador File: D:/Quartus Prime/aulas/projeto/tb_somador.vhd Line: 6
Info (12021): Found 2 design units, including 1 entities, in source file subtrator.vhd
    Info (12022): Found design unit 1: subtrator-subtrator File: D:/Quartus Prime/aulas/projeto/subtrator.vhd Line: 12
    Info (12023): Found entity 1: subtrator File: D:/Quartus Prime/aulas/projeto/subtrator.vhd Line: 5
Info (12021): Found 2 design units, including 1 entities, in source file tb_subtrator.vhd
    Info (12022): Found design unit 1: tb_subtrator-teste File: D:/Quartus Prime/aulas/projeto/tb_subtrator.vhd Line: 8
    Info (12023): Found entity 1: tb_subtrator File: D:/Quartus Prime/aulas/projeto/tb_subtrator.vhd Line: 5
Info (12021): Found 2 design units, including 1 entities, in source file mux_4_1.vhd
    Info (12022): Found design unit 1: mux_4_1-mux_4_1 File: D:/Quartus Prime/aulas/projeto/mux_4_1.vhd Line: 14
    Info (12023): Found entity 1: mux_4_1 File: D:/Quartus Prime/aulas/projeto/mux_4_1.vhd Line: 4
Info (12021): Found 2 design units, including 1 entities, in source file tb_mux_4_1.vhd
    Info (12022): Found design unit 1: tb_mux_4_1-teste File: D:/Quartus Prime/aulas/projeto/tb_mux_4_1.vhd Line: 9
    Info (12023): Found entity 1: tb_mux_4_1 File: D:/Quartus Prime/aulas/projeto/tb_mux_4_1.vhd Line: 6
Info (12021): Found 2 design units, including 1 entities, in source file total_itens_reg.vhd
    Info (12022): Found design unit 1: total_itens_reg-total_itens_reg File: D:/Quartus Prime/aulas/projeto/total_itens_reg.vhd Line: 17
    Info (12023): Found entity 1: total_itens_reg File: D:/Quartus Prime/aulas/projeto/total_itens_reg.vhd Line: 5
Info (12021): Found 2 design units, including 1 entities, in source file tb_total_itens_reg.vhd
    Info (12022): Found design unit 1: tb_total_itens_reg-teste File: D:/Quartus Prime/aulas/projeto/tb_total_itens_reg.vhd Line: 9
    Info (12023): Found entity 1: tb_total_itens_reg File: D:/Quartus Prime/aulas/projeto/tb_total_itens_reg.vhd Line: 6
Info (12021): Found 2 design units, including 1 entities, in source file total_reg.vhd
    Info (12022): Found design unit 1: total_reg-total_reg File: D:/Quartus Prime/aulas/projeto/total_reg.vhd Line: 13
    Info (12023): Found entity 1: total_reg File: D:/Quartus Prime/aulas/projeto/total_reg.vhd Line: 5
Info (12021): Found 2 design units, including 1 entities, in source file incrementador.vhd
    Info (12022): Found design unit 1: incrementador-incrementador File: D:/Quartus Prime/aulas/projeto/incrementador.vhd Line: 15
    Info (12023): Found entity 1: incrementador File: D:/Quartus Prime/aulas/projeto/incrementador.vhd Line: 5
Info (12021): Found 2 design units, including 1 entities, in source file tb_incrementador.vhd
    Info (12022): Found design unit 1: tb_incrementador-teste File: D:/Quartus Prime/aulas/projeto/tb_incrementador.vhd Line: 9
    Info (12023): Found entity 1: tb_incrementador File: D:/Quartus Prime/aulas/projeto/tb_incrementador.vhd Line: 6
Info (12021): Found 2 design units, including 1 entities, in source file decrementador.vhd
    Info (12022): Found design unit 1: decrementador-decrementador File: D:/Quartus Prime/aulas/projeto/decrementador.vhd Line: 15
    Info (12023): Found entity 1: decrementador File: D:/Quartus Prime/aulas/projeto/decrementador.vhd Line: 5
Info (12021): Found 2 design units, including 1 entities, in source file comparador_itens.vhd
    Info (12022): Found design unit 1: comparador_itens-comparador_itens File: D:/Quartus Prime/aulas/projeto/comparador_itens.vhd Line: 20
    Info (12023): Found entity 1: comparador_itens File: D:/Quartus Prime/aulas/projeto/comparador_itens.vhd Line: 8
Info (12021): Found 2 design units, including 1 entities, in source file tb_comparador_itens.vhd
    Info (12022): Found design unit 1: tb_comparador_itens-teste File: D:/Quartus Prime/aulas/projeto/tb_comparador_itens.vhd Line: 9
    Info (12023): Found entity 1: tb_comparador_itens File: D:/Quartus Prime/aulas/projeto/tb_comparador_itens.vhd Line: 6
Info (12021): Found 2 design units, including 1 entities, in source file comparador_saldo.vhd
    Info (12022): Found design unit 1: comparador_saldo-comparador_saldo File: D:/Quartus Prime/aulas/projeto/comparador_saldo.vhd Line: 20
    Info (12023): Found entity 1: comparador_saldo File: D:/Quartus Prime/aulas/projeto/comparador_saldo.vhd Line: 8
Info (12021): Found 2 design units, including 1 entities, in source file tb_comparador_saldo.vhd
    Info (12022): Found design unit 1: tb_comparador_saldo-teste File: D:/Quartus Prime/aulas/projeto/tb_comparador_saldo.vhd Line: 9
    Info (12023): Found entity 1: tb_comparador_saldo File: D:/Quartus Prime/aulas/projeto/tb_comparador_saldo.vhd Line: 6
Info (12127): Elaborating entity "comparador_saldo" for the top level hierarchy
Info (286030): Timing-Driven Synthesis is running
Info (16010): Generating hard_block partition "hard_block:auto_generated_inst"
    Info (16011): Adding 0 node(s), including 0 DDIO, 0 PLL, 0 transceiver and 0 LCELL
Info (21057): Implemented 119 device resources after synthesis - the final resource count might be different
    Info (21058): Implemented 64 input pins
    Info (21059): Implemented 1 output pins
    Info (21061): Implemented 54 logic cells
Info: Quartus Prime Analysis & Synthesis was successful. 0 errors, 1 warning
    Info: Peak virtual memory: 4789 megabytes
    Info: Processing ended: Tue Jul 12 21:06:30 2022
    Info: Elapsed time: 00:00:11
    Info: Total CPU time (on all processors): 00:00:28


